The system is: Darwin - 17.7.0 - x86_64
Compiling the C compiler identification source file "CMakeCCompilerId.c" succeeded.
Compiler: /usr/local/bin/avr-gcc 
Build flags: 
Id flags:  

The output was:
0


Compilation of the C compiler identification source "CMakeCCompilerId.c" produced "a.out"

The C compiler identification is GNU, found in "/Users/andrii/Documents/GitHub/AvrWorkshop/cmake-build-debug/CMakeFiles/3.10.3/CompilerIdC/a.out"

Compiling the CXX compiler identification source file "CMakeCXXCompilerId.cpp" succeeded.
Compiler: /usr/local/bin/avr-g++ 
Build flags: 
Id flags:  

The output was:
0


Compilation of the CXX compiler identification source "CMakeCXXCompilerId.cpp" produced "a.out"

The CXX compiler identification is GNU, found in "/Users/andrii/Documents/GitHub/AvrWorkshop/cmake-build-debug/CMakeFiles/3.10.3/CompilerIdCXX/a.out"

Detecting C compiler ABI info compiled with the following output:
Change Dir: /Users/andrii/Documents/GitHub/AvrWorkshop/cmake-build-debug/CMakeFiles/CMakeTmp

Run Build Command:"/usr/bin/make" "cmTC_0ac25/fast"
/Applications/Xcode.app/Contents/Developer/usr/bin/make -f CMakeFiles/cmTC_0ac25.dir/build.make CMakeFiles/cmTC_0ac25.dir/build
Building C object CMakeFiles/cmTC_0ac25.dir/CMakeCCompilerABI.c.o
/usr/local/bin/avr-gcc    -o CMakeFiles/cmTC_0ac25.dir/CMakeCCompilerABI.c.o   -c /Applications/CLion.app/Contents/bin/cmake/share/cmake-3.10/Modules/CMakeCCompilerABI.c
Linking C executable cmTC_0ac25
/Applications/CLion.app/Contents/bin/cmake/bin/cmake -E cmake_link_script CMakeFiles/cmTC_0ac25.dir/link.txt --verbose=1
/usr/local/bin/avr-gcc   -Wl,-search_paths_first -Wl,-headerpad_max_install_names  -v -Wl,-v CMakeFiles/cmTC_0ac25.dir/CMakeCCompilerABI.c.o  -o cmTC_0ac25 
Using built-in specs.
Reading specs from /usr/local/Cellar/avr-gcc/8.1.0/lib/avr-gcc/8/gcc/avr/8.1.0/device-specs/specs-avr2
COLLECT_GCC=/usr/local/bin/avr-gcc
COLLECT_LTO_WRAPPER=/usr/local/Cellar/avr-gcc/8.1.0/libexec/gcc/avr/8.1.0/lto-wrapper
Target: avr
Configured with: ../configure --target=avr --prefix=/usr/local/Cellar/avr-gcc/8.1.0 --libdir=/usr/local/Cellar/avr-gcc/8.1.0/lib/avr-gcc/8 --enable-languages=c,c++ --with-ld=/usr/local/opt/avr-binutils/bin/avr-ld --with-as=/usr/local/opt/avr-binutils/bin/avr-as --disable-nls --disable-libssp --disable-shared --disable-threads --disable-libgomp --with-dwarf2
Thread model: single
gcc version 8.1.0 (GCC) 
COMPILER_PATH=/usr/local/Cellar/avr-gcc/8.1.0/libexec/gcc/avr/8.1.0/:/usr/local/Cellar/avr-gcc/8.1.0/libexec/gcc/avr/8.1.0/:/usr/local/Cellar/avr-gcc/8.1.0/libexec/gcc/avr/:/usr/local/Cellar/avr-gcc/8.1.0/lib/avr-gcc/8/gcc/avr/8.1.0/:/usr/local/Cellar/avr-gcc/8.1.0/lib/avr-gcc/8/gcc/avr/
LIBRARY_PATH=/usr/local/Cellar/avr-gcc/8.1.0/lib/avr-gcc/8/gcc/avr/8.1.0/:/usr/local/Cellar/avr-gcc/8.1.0/lib/avr-gcc/8/gcc/avr/8.1.0/../../../../../../avr/lib/
COLLECT_GCC_OPTIONS='-v' '-o' 'cmTC_0ac25' '-specs=device-specs/specs-avr2'
 /usr/local/Cellar/avr-gcc/8.1.0/libexec/gcc/avr/8.1.0/collect2 -plugin /usr/local/Cellar/avr-gcc/8.1.0/libexec/gcc/avr/8.1.0/liblto_plugin.so -plugin-opt=/usr/local/Cellar/avr-gcc/8.1.0/libexec/gcc/avr/8.1.0/lto-wrapper -plugin-opt=-fresolution=/var/folders/d2/kw_9kf0936qdwn1kbflptv8m0000gn/T//ccHoVjn9.res -plugin-opt=-pass-through=-lgcc -plugin-opt=-pass-through=-lm -plugin-opt=-pass-through=-lc -o cmTC_0ac25 -L/usr/local/Cellar/avr-gcc/8.1.0/lib/avr-gcc/8/gcc/avr/8.1.0 -L/usr/local/Cellar/avr-gcc/8.1.0/lib/avr-gcc/8/gcc/avr/8.1.0/../../../../../../avr/lib -search_paths_first -headerpad_max_install_names -v CMakeFiles/cmTC_0ac25.dir/CMakeCCompilerABI.c.o --start-group -lgcc -lm -lc --end-group
collect2 version 8.1.0
/usr/local/opt/avr-binutils/bin/avr-ld -plugin /usr/local/Cellar/avr-gcc/8.1.0/libexec/gcc/avr/8.1.0/liblto_plugin.so -plugin-opt=/usr/local/Cellar/avr-gcc/8.1.0/libexec/gcc/avr/8.1.0/lto-wrapper -plugin-opt=-fresolution=/var/folders/d2/kw_9kf0936qdwn1kbflptv8m0000gn/T//ccHoVjn9.res -plugin-opt=-pass-through=-lgcc -plugin-opt=-pass-through=-lm -plugin-opt=-pass-through=-lc -o cmTC_0ac25 -L/usr/local/Cellar/avr-gcc/8.1.0/lib/avr-gcc/8/gcc/avr/8.1.0 -L/usr/local/Cellar/avr-gcc/8.1.0/lib/avr-gcc/8/gcc/avr/8.1.0/../../../../../../avr/lib -search_paths_first -headerpad_max_install_names -v CMakeFiles/cmTC_0ac25.dir/CMakeCCompilerABI.c.o --start-group -lgcc -lm -lc --end-group
GNU ld (GNU Binutils) 2.30/usr/local/opt/avr-binutils/bin/avr-ld: warning: cannot find entry symbol arch_paths_first; defaulting to 0000000000000000

COLLECT_GCC_OPTIONS='-v' '-o' 'cmTC_0ac25' '-specs=device-specs/specs-avr2'


Parsed C implicit link information from above output:
  link line regex: [^( *|.*[/\])(ld|CMAKE_LINK_STARTFILE-NOTFOUND|([^/\]+-)?ld|collect2)[^/\]*( |$)]
  ignore line: [Change Dir: /Users/andrii/Documents/GitHub/AvrWorkshop/cmake-build-debug/CMakeFiles/CMakeTmp]
  ignore line: []
  ignore line: [Run Build Command:"/usr/bin/make" "cmTC_0ac25/fast"]
  ignore line: [/Applications/Xcode.app/Contents/Developer/usr/bin/make -f CMakeFiles/cmTC_0ac25.dir/build.make CMakeFiles/cmTC_0ac25.dir/build]
  ignore line: [Building C object CMakeFiles/cmTC_0ac25.dir/CMakeCCompilerABI.c.o]
  ignore line: [/usr/local/bin/avr-gcc    -o CMakeFiles/cmTC_0ac25.dir/CMakeCCompilerABI.c.o   -c /Applications/CLion.app/Contents/bin/cmake/share/cmake-3.10/Modules/CMakeCCompilerABI.c]
  ignore line: [Linking C executable cmTC_0ac25]
  ignore line: [/Applications/CLion.app/Contents/bin/cmake/bin/cmake -E cmake_link_script CMakeFiles/cmTC_0ac25.dir/link.txt --verbose=1]
  ignore line: [/usr/local/bin/avr-gcc   -Wl,-search_paths_first -Wl,-headerpad_max_install_names  -v -Wl,-v CMakeFiles/cmTC_0ac25.dir/CMakeCCompilerABI.c.o  -o cmTC_0ac25 ]
  ignore line: [Using built-in specs.]
  ignore line: [Reading specs from /usr/local/Cellar/avr-gcc/8.1.0/lib/avr-gcc/8/gcc/avr/8.1.0/device-specs/specs-avr2]
  ignore line: [COLLECT_GCC=/usr/local/bin/avr-gcc]
  ignore line: [COLLECT_LTO_WRAPPER=/usr/local/Cellar/avr-gcc/8.1.0/libexec/gcc/avr/8.1.0/lto-wrapper]
  ignore line: [Target: avr]
  ignore line: [Configured with: ../configure --target=avr --prefix=/usr/local/Cellar/avr-gcc/8.1.0 --libdir=/usr/local/Cellar/avr-gcc/8.1.0/lib/avr-gcc/8 --enable-languages=c,c++ --with-ld=/usr/local/opt/avr-binutils/bin/avr-ld --with-as=/usr/local/opt/avr-binutils/bin/avr-as --disable-nls --disable-libssp --disable-shared --disable-threads --disable-libgomp --with-dwarf2]
  ignore line: [Thread model: single]
  ignore line: [gcc version 8.1.0 (GCC) ]
  ignore line: [COMPILER_PATH=/usr/local/Cellar/avr-gcc/8.1.0/libexec/gcc/avr/8.1.0/:/usr/local/Cellar/avr-gcc/8.1.0/libexec/gcc/avr/8.1.0/:/usr/local/Cellar/avr-gcc/8.1.0/libexec/gcc/avr/:/usr/local/Cellar/avr-gcc/8.1.0/lib/avr-gcc/8/gcc/avr/8.1.0/:/usr/local/Cellar/avr-gcc/8.1.0/lib/avr-gcc/8/gcc/avr/]
  ignore line: [LIBRARY_PATH=/usr/local/Cellar/avr-gcc/8.1.0/lib/avr-gcc/8/gcc/avr/8.1.0/:/usr/local/Cellar/avr-gcc/8.1.0/lib/avr-gcc/8/gcc/avr/8.1.0/../../../../../../avr/lib/]
  ignore line: [COLLECT_GCC_OPTIONS='-v' '-o' 'cmTC_0ac25' '-specs=device-specs/specs-avr2']
  link line: [ /usr/local/Cellar/avr-gcc/8.1.0/libexec/gcc/avr/8.1.0/collect2 -plugin /usr/local/Cellar/avr-gcc/8.1.0/libexec/gcc/avr/8.1.0/liblto_plugin.so -plugin-opt=/usr/local/Cellar/avr-gcc/8.1.0/libexec/gcc/avr/8.1.0/lto-wrapper -plugin-opt=-fresolution=/var/folders/d2/kw_9kf0936qdwn1kbflptv8m0000gn/T//ccHoVjn9.res -plugin-opt=-pass-through=-lgcc -plugin-opt=-pass-through=-lm -plugin-opt=-pass-through=-lc -o cmTC_0ac25 -L/usr/local/Cellar/avr-gcc/8.1.0/lib/avr-gcc/8/gcc/avr/8.1.0 -L/usr/local/Cellar/avr-gcc/8.1.0/lib/avr-gcc/8/gcc/avr/8.1.0/../../../../../../avr/lib -search_paths_first -headerpad_max_install_names -v CMakeFiles/cmTC_0ac25.dir/CMakeCCompilerABI.c.o --start-group -lgcc -lm -lc --end-group]
    arg [/usr/local/Cellar/avr-gcc/8.1.0/libexec/gcc/avr/8.1.0/collect2] ==> ignore
    arg [-plugin] ==> ignore
    arg [/usr/local/Cellar/avr-gcc/8.1.0/libexec/gcc/avr/8.1.0/liblto_plugin.so] ==> ignore
    arg [-plugin-opt=/usr/local/Cellar/avr-gcc/8.1.0/libexec/gcc/avr/8.1.0/lto-wrapper] ==> ignore
    arg [-plugin-opt=-fresolution=/var/folders/d2/kw_9kf0936qdwn1kbflptv8m0000gn/T//ccHoVjn9.res] ==> ignore
    arg [-plugin-opt=-pass-through=-lgcc] ==> ignore
    arg [-plugin-opt=-pass-through=-lm] ==> ignore
    arg [-plugin-opt=-pass-through=-lc] ==> ignore
    arg [-o] ==> ignore
    arg [cmTC_0ac25] ==> ignore
    arg [-L/usr/local/Cellar/avr-gcc/8.1.0/lib/avr-gcc/8/gcc/avr/8.1.0] ==> dir [/usr/local/Cellar/avr-gcc/8.1.0/lib/avr-gcc/8/gcc/avr/8.1.0]
    arg [-L/usr/local/Cellar/avr-gcc/8.1.0/lib/avr-gcc/8/gcc/avr/8.1.0/../../../../../../avr/lib] ==> dir [/usr/local/Cellar/avr-gcc/8.1.0/lib/avr-gcc/8/gcc/avr/8.1.0/../../../../../../avr/lib]
    arg [-search_paths_first] ==> ignore
    arg [-headerpad_max_install_names] ==> ignore
    arg [-v] ==> ignore
    arg [CMakeFiles/cmTC_0ac25.dir/CMakeCCompilerABI.c.o] ==> ignore
    arg [--start-group] ==> ignore
    arg [-lgcc] ==> lib [gcc]
    arg [-lm] ==> lib [m]
    arg [-lc] ==> lib [c]
    arg [--end-group] ==> ignore
  collapse library dir [/usr/local/Cellar/avr-gcc/8.1.0/lib/avr-gcc/8/gcc/avr/8.1.0] ==> [/usr/local/Cellar/avr-gcc/8.1.0/lib/avr-gcc/8/gcc/avr/8.1.0]
  collapse library dir [/usr/local/Cellar/avr-gcc/8.1.0/lib/avr-gcc/8/gcc/avr/8.1.0/../../../../../../avr/lib] ==> [/usr/local/Cellar/avr-gcc/8.1.0/avr/lib]
  implicit libs: [gcc;m;c]
  implicit dirs: [/usr/local/Cellar/avr-gcc/8.1.0/lib/avr-gcc/8/gcc/avr/8.1.0;/usr/local/Cellar/avr-gcc/8.1.0/avr/lib]
  implicit fwks: []




Detecting C [-std=c11] compiler features compiled with the following output:
Change Dir: /Users/andrii/Documents/GitHub/AvrWorkshop/cmake-build-debug/CMakeFiles/CMakeTmp

Run Build Command:"/usr/bin/make" "cmTC_0d6e2/fast"
/Applications/Xcode.app/Contents/Developer/usr/bin/make -f CMakeFiles/cmTC_0d6e2.dir/build.make CMakeFiles/cmTC_0d6e2.dir/build
Building C object CMakeFiles/cmTC_0d6e2.dir/feature_tests.c.o
/usr/local/bin/avr-gcc   -std=c11 -o CMakeFiles/cmTC_0d6e2.dir/feature_tests.c.o   -c /Users/andrii/Documents/GitHub/AvrWorkshop/cmake-build-debug/CMakeFiles/feature_tests.c
Linking C executable cmTC_0d6e2
/Applications/CLion.app/Contents/bin/cmake/bin/cmake -E cmake_link_script CMakeFiles/cmTC_0d6e2.dir/link.txt --verbose=1
/usr/local/bin/avr-gcc   -Wl,-search_paths_first -Wl,-headerpad_max_install_names   CMakeFiles/cmTC_0d6e2.dir/feature_tests.c.o  -o cmTC_0d6e2 
/usr/local/opt/avr-binutils/bin/avr-ld: warning: cannot find entry symbol arch_paths_first; defaulting to 0000000000000000


    Feature record: C_FEATURE:1c_function_prototypes
    Feature record: C_FEATURE:1c_restrict
    Feature record: C_FEATURE:1c_static_assert
    Feature record: C_FEATURE:1c_variadic_macros


Detecting C [-std=c99] compiler features compiled with the following output:
Change Dir: /Users/andrii/Documents/GitHub/AvrWorkshop/cmake-build-debug/CMakeFiles/CMakeTmp

Run Build Command:"/usr/bin/make" "cmTC_93cd6/fast"
/Applications/Xcode.app/Contents/Developer/usr/bin/make -f CMakeFiles/cmTC_93cd6.dir/build.make CMakeFiles/cmTC_93cd6.dir/build
Building C object CMakeFiles/cmTC_93cd6.dir/feature_tests.c.o
/usr/local/bin/avr-gcc   -std=c99 -o CMakeFiles/cmTC_93cd6.dir/feature_tests.c.o   -c /Users/andrii/Documents/GitHub/AvrWorkshop/cmake-build-debug/CMakeFiles/feature_tests.c
Linking C executable cmTC_93cd6
/Applications/CLion.app/Contents/bin/cmake/bin/cmake -E cmake_link_script CMakeFiles/cmTC_93cd6.dir/link.txt --verbose=1
/usr/local/bin/avr-gcc   -Wl,-search_paths_first -Wl,-headerpad_max_install_names   CMakeFiles/cmTC_93cd6.dir/feature_tests.c.o  -o cmTC_93cd6 
/usr/local/opt/avr-binutils/bin/avr-ld: warning: cannot find entry symbol arch_paths_first; defaulting to 0000000000000000


    Feature record: C_FEATURE:1c_function_prototypes
    Feature record: C_FEATURE:1c_restrict
    Feature record: C_FEATURE:0c_static_assert
    Feature record: C_FEATURE:1c_variadic_macros


Detecting C [-std=c90] compiler features compiled with the following output:
Change Dir: /Users/andrii/Documents/GitHub/AvrWorkshop/cmake-build-debug/CMakeFiles/CMakeTmp

Run Build Command:"/usr/bin/make" "cmTC_bdc26/fast"
/Applications/Xcode.app/Contents/Developer/usr/bin/make -f CMakeFiles/cmTC_bdc26.dir/build.make CMakeFiles/cmTC_bdc26.dir/build
Building C object CMakeFiles/cmTC_bdc26.dir/feature_tests.c.o
/usr/local/bin/avr-gcc   -std=c90 -o CMakeFiles/cmTC_bdc26.dir/feature_tests.c.o   -c /Users/andrii/Documents/GitHub/AvrWorkshop/cmake-build-debug/CMakeFiles/feature_tests.c
Linking C executable cmTC_bdc26
/Applications/CLion.app/Contents/bin/cmake/bin/cmake -E cmake_link_script CMakeFiles/cmTC_bdc26.dir/link.txt --verbose=1
/usr/local/bin/avr-gcc   -Wl,-search_paths_first -Wl,-headerpad_max_install_names   CMakeFiles/cmTC_bdc26.dir/feature_tests.c.o  -o cmTC_bdc26 
/usr/local/opt/avr-binutils/bin/avr-ld: warning: cannot find entry symbol arch_paths_first; defaulting to 0000000000000000


    Feature record: C_FEATURE:1c_function_prototypes
    Feature record: C_FEATURE:0c_restrict
    Feature record: C_FEATURE:0c_static_assert
    Feature record: C_FEATURE:0c_variadic_macros
Detecting CXX compiler ABI info compiled with the following output:
Change Dir: /Users/andrii/Documents/GitHub/AvrWorkshop/cmake-build-debug/CMakeFiles/CMakeTmp

Run Build Command:"/usr/bin/make" "cmTC_4fe57/fast"
/Applications/Xcode.app/Contents/Developer/usr/bin/make -f CMakeFiles/cmTC_4fe57.dir/build.make CMakeFiles/cmTC_4fe57.dir/build
Building CXX object CMakeFiles/cmTC_4fe57.dir/CMakeCXXCompilerABI.cpp.o
/usr/local/bin/avr-g++    -std=gnu++14 -o CMakeFiles/cmTC_4fe57.dir/CMakeCXXCompilerABI.cpp.o -c /Applications/CLion.app/Contents/bin/cmake/share/cmake-3.10/Modules/CMakeCXXCompilerABI.cpp
Linking CXX executable cmTC_4fe57
/Applications/CLion.app/Contents/bin/cmake/bin/cmake -E cmake_link_script CMakeFiles/cmTC_4fe57.dir/link.txt --verbose=1
/usr/local/bin/avr-g++    -Wl,-search_paths_first -Wl,-headerpad_max_install_names  -v -Wl,-v CMakeFiles/cmTC_4fe57.dir/CMakeCXXCompilerABI.cpp.o  -o cmTC_4fe57 
Using built-in specs.
Reading specs from /usr/local/Cellar/avr-gcc/8.1.0/lib/avr-gcc/8/gcc/avr/8.1.0/device-specs/specs-avr2
COLLECT_GCC=/usr/local/bin/avr-g++
COLLECT_LTO_WRAPPER=/usr/local/Cellar/avr-gcc/8.1.0/libexec/gcc/avr/8.1.0/lto-wrapper
Target: avr
Configured with: ../configure --target=avr --prefix=/usr/local/Cellar/avr-gcc/8.1.0 --libdir=/usr/local/Cellar/avr-gcc/8.1.0/lib/avr-gcc/8 --enable-languages=c,c++ --with-ld=/usr/local/opt/avr-binutils/bin/avr-ld --with-as=/usr/local/opt/avr-binutils/bin/avr-as --disable-nls --disable-libssp --disable-shared --disable-threads --disable-libgomp --with-dwarf2
Thread model: single
gcc version 8.1.0 (GCC) 
COMPILER_PATH=/usr/local/Cellar/avr-gcc/8.1.0/libexec/gcc/avr/8.1.0/:/usr/local/Cellar/avr-gcc/8.1.0/libexec/gcc/avr/8.1.0/:/usr/local/Cellar/avr-gcc/8.1.0/libexec/gcc/avr/:/usr/local/Cellar/avr-gcc/8.1.0/lib/avr-gcc/8/gcc/avr/8.1.0/:/usr/local/Cellar/avr-gcc/8.1.0/lib/avr-gcc/8/gcc/avr/
LIBRARY_PATH=/usr/local/Cellar/avr-gcc/8.1.0/lib/avr-gcc/8/gcc/avr/8.1.0/:/usr/local/Cellar/avr-gcc/8.1.0/lib/avr-gcc/8/gcc/avr/8.1.0/../../../../../../avr/lib/
COLLECT_GCC_OPTIONS='-v' '-o' 'cmTC_4fe57' '-specs=device-specs/specs-avr2'
 /usr/local/Cellar/avr-gcc/8.1.0/libexec/gcc/avr/8.1.0/collect2 -plugin /usr/local/Cellar/avr-gcc/8.1.0/libexec/gcc/avr/8.1.0/liblto_plugin.so -plugin-opt=/usr/local/Cellar/avr-gcc/8.1.0/libexec/gcc/avr/8.1.0/lto-wrapper -plugin-opt=-fresolution=/var/folders/d2/kw_9kf0936qdwn1kbflptv8m0000gn/T//ccxbqqsD.res -plugin-opt=-pass-through=-lgcc -plugin-opt=-pass-through=-lm -plugin-opt=-pass-through=-lc -o cmTC_4fe57 -L/usr/local/Cellar/avr-gcc/8.1.0/lib/avr-gcc/8/gcc/avr/8.1.0 -L/usr/local/Cellar/avr-gcc/8.1.0/lib/avr-gcc/8/gcc/avr/8.1.0/../../../../../../avr/lib -search_paths_first -headerpad_max_install_names -v CMakeFiles/cmTC_4fe57.dir/CMakeCXXCompilerABI.cpp.o -lgcc -lm --start-group -lgcc -lm -lc --end-group
collect2 version 8.1.0
/usr/local/opt/avr-binutils/bin/avr-ld -plugin /usr/local/Cellar/avr-gcc/8.1.0/libexec/gcc/avr/8.1.0/liblto_plugin.so -plugin-opt=/usr/local/Cellar/avr-gcc/8.1.0/libexec/gcc/avr/8.1.0/lto-wrapper -plugin-opt=-fresolution=/var/folders/d2/kw_9kf0936qdwn1kbflptv8m0000gn/T//ccxbqqsD.res -plugin-opt=-pass-through=-lgcc -plugin-opt=-pass-through=-lm -plugin-opt=-pass-through=-lc -o cmTC_4fe57 -L/usr/local/Cellar/avr-gcc/8.1.0/lib/avr-gcc/8/gcc/avr/8.1.0 -L/usr/local/Cellar/avr-gcc/8.1.0/lib/avr-gcc/8/gcc/avr/8.1.0/../../../../../../avr/lib -search_paths_first -headerpad_max_install_names -v CMakeFiles/cmTC_4fe57.dir/CMakeCXXCompilerABI.cpp.o -lgcc -lm --start-group -lgcc -lm -lc --end-group
GNU ld (GNU Binutils) 2.30/usr/local/opt/avr-binutils/bin/avr-ld: warning: cannot find entry symbol arch_paths_first; defaulting to 0000000000000000

COLLECT_GCC_OPTIONS='-v' '-o' 'cmTC_4fe57' '-specs=device-specs/specs-avr2'


Parsed CXX implicit link information from above output:
  link line regex: [^( *|.*[/\])(ld|CMAKE_LINK_STARTFILE-NOTFOUND|([^/\]+-)?ld|collect2)[^/\]*( |$)]
  ignore line: [Change Dir: /Users/andrii/Documents/GitHub/AvrWorkshop/cmake-build-debug/CMakeFiles/CMakeTmp]
  ignore line: []
  ignore line: [Run Build Command:"/usr/bin/make" "cmTC_4fe57/fast"]
  ignore line: [/Applications/Xcode.app/Contents/Developer/usr/bin/make -f CMakeFiles/cmTC_4fe57.dir/build.make CMakeFiles/cmTC_4fe57.dir/build]
  ignore line: [Building CXX object CMakeFiles/cmTC_4fe57.dir/CMakeCXXCompilerABI.cpp.o]
  ignore line: [/usr/local/bin/avr-g++    -std=gnu++14 -o CMakeFiles/cmTC_4fe57.dir/CMakeCXXCompilerABI.cpp.o -c /Applications/CLion.app/Contents/bin/cmake/share/cmake-3.10/Modules/CMakeCXXCompilerABI.cpp]
  ignore line: [Linking CXX executable cmTC_4fe57]
  ignore line: [/Applications/CLion.app/Contents/bin/cmake/bin/cmake -E cmake_link_script CMakeFiles/cmTC_4fe57.dir/link.txt --verbose=1]
  ignore line: [/usr/local/bin/avr-g++    -Wl,-search_paths_first -Wl,-headerpad_max_install_names  -v -Wl,-v CMakeFiles/cmTC_4fe57.dir/CMakeCXXCompilerABI.cpp.o  -o cmTC_4fe57 ]
  ignore line: [Using built-in specs.]
  ignore line: [Reading specs from /usr/local/Cellar/avr-gcc/8.1.0/lib/avr-gcc/8/gcc/avr/8.1.0/device-specs/specs-avr2]
  ignore line: [COLLECT_GCC=/usr/local/bin/avr-g++]
  ignore line: [COLLECT_LTO_WRAPPER=/usr/local/Cellar/avr-gcc/8.1.0/libexec/gcc/avr/8.1.0/lto-wrapper]
  ignore line: [Target: avr]
  ignore line: [Configured with: ../configure --target=avr --prefix=/usr/local/Cellar/avr-gcc/8.1.0 --libdir=/usr/local/Cellar/avr-gcc/8.1.0/lib/avr-gcc/8 --enable-languages=c,c++ --with-ld=/usr/local/opt/avr-binutils/bin/avr-ld --with-as=/usr/local/opt/avr-binutils/bin/avr-as --disable-nls --disable-libssp --disable-shared --disable-threads --disable-libgomp --with-dwarf2]
  ignore line: [Thread model: single]
  ignore line: [gcc version 8.1.0 (GCC) ]
  ignore line: [COMPILER_PATH=/usr/local/Cellar/avr-gcc/8.1.0/libexec/gcc/avr/8.1.0/:/usr/local/Cellar/avr-gcc/8.1.0/libexec/gcc/avr/8.1.0/:/usr/local/Cellar/avr-gcc/8.1.0/libexec/gcc/avr/:/usr/local/Cellar/avr-gcc/8.1.0/lib/avr-gcc/8/gcc/avr/8.1.0/:/usr/local/Cellar/avr-gcc/8.1.0/lib/avr-gcc/8/gcc/avr/]
  ignore line: [LIBRARY_PATH=/usr/local/Cellar/avr-gcc/8.1.0/lib/avr-gcc/8/gcc/avr/8.1.0/:/usr/local/Cellar/avr-gcc/8.1.0/lib/avr-gcc/8/gcc/avr/8.1.0/../../../../../../avr/lib/]
  ignore line: [COLLECT_GCC_OPTIONS='-v' '-o' 'cmTC_4fe57' '-specs=device-specs/specs-avr2']
  link line: [ /usr/local/Cellar/avr-gcc/8.1.0/libexec/gcc/avr/8.1.0/collect2 -plugin /usr/local/Cellar/avr-gcc/8.1.0/libexec/gcc/avr/8.1.0/liblto_plugin.so -plugin-opt=/usr/local/Cellar/avr-gcc/8.1.0/libexec/gcc/avr/8.1.0/lto-wrapper -plugin-opt=-fresolution=/var/folders/d2/kw_9kf0936qdwn1kbflptv8m0000gn/T//ccxbqqsD.res -plugin-opt=-pass-through=-lgcc -plugin-opt=-pass-through=-lm -plugin-opt=-pass-through=-lc -o cmTC_4fe57 -L/usr/local/Cellar/avr-gcc/8.1.0/lib/avr-gcc/8/gcc/avr/8.1.0 -L/usr/local/Cellar/avr-gcc/8.1.0/lib/avr-gcc/8/gcc/avr/8.1.0/../../../../../../avr/lib -search_paths_first -headerpad_max_install_names -v CMakeFiles/cmTC_4fe57.dir/CMakeCXXCompilerABI.cpp.o -lgcc -lm --start-group -lgcc -lm -lc --end-group]
    arg [/usr/local/Cellar/avr-gcc/8.1.0/libexec/gcc/avr/8.1.0/collect2] ==> ignore
    arg [-plugin] ==> ignore
    arg [/usr/local/Cellar/avr-gcc/8.1.0/libexec/gcc/avr/8.1.0/liblto_plugin.so] ==> ignore
    arg [-plugin-opt=/usr/local/Cellar/avr-gcc/8.1.0/libexec/gcc/avr/8.1.0/lto-wrapper] ==> ignore
    arg [-plugin-opt=-fresolution=/var/folders/d2/kw_9kf0936qdwn1kbflptv8m0000gn/T//ccxbqqsD.res] ==> ignore
    arg [-plugin-opt=-pass-through=-lgcc] ==> ignore
    arg [-plugin-opt=-pass-through=-lm] ==> ignore
    arg [-plugin-opt=-pass-through=-lc] ==> ignore
    arg [-o] ==> ignore
    arg [cmTC_4fe57] ==> ignore
    arg [-L/usr/local/Cellar/avr-gcc/8.1.0/lib/avr-gcc/8/gcc/avr/8.1.0] ==> dir [/usr/local/Cellar/avr-gcc/8.1.0/lib/avr-gcc/8/gcc/avr/8.1.0]
    arg [-L/usr/local/Cellar/avr-gcc/8.1.0/lib/avr-gcc/8/gcc/avr/8.1.0/../../../../../../avr/lib] ==> dir [/usr/local/Cellar/avr-gcc/8.1.0/lib/avr-gcc/8/gcc/avr/8.1.0/../../../../../../avr/lib]
    arg [-search_paths_first] ==> ignore
    arg [-headerpad_max_install_names] ==> ignore
    arg [-v] ==> ignore
    arg [CMakeFiles/cmTC_4fe57.dir/CMakeCXXCompilerABI.cpp.o] ==> ignore
    arg [-lgcc] ==> lib [gcc]
    arg [-lm] ==> lib [m]
    arg [--start-group] ==> ignore
    arg [-lgcc] ==> lib [gcc]
    arg [-lm] ==> lib [m]
    arg [-lc] ==> lib [c]
    arg [--end-group] ==> ignore
  collapse library dir [/usr/local/Cellar/avr-gcc/8.1.0/lib/avr-gcc/8/gcc/avr/8.1.0] ==> [/usr/local/Cellar/avr-gcc/8.1.0/lib/avr-gcc/8/gcc/avr/8.1.0]
  collapse library dir [/usr/local/Cellar/avr-gcc/8.1.0/lib/avr-gcc/8/gcc/avr/8.1.0/../../../../../../avr/lib] ==> [/usr/local/Cellar/avr-gcc/8.1.0/avr/lib]
  implicit libs: [gcc;m;gcc;m;c]
  implicit dirs: [/usr/local/Cellar/avr-gcc/8.1.0/lib/avr-gcc/8/gcc/avr/8.1.0;/usr/local/Cellar/avr-gcc/8.1.0/avr/lib]
  implicit fwks: []




Detecting CXX [-std=c++1z] compiler features compiled with the following output:
Change Dir: /Users/andrii/Documents/GitHub/AvrWorkshop/cmake-build-debug/CMakeFiles/CMakeTmp

Run Build Command:"/usr/bin/make" "cmTC_6a2e8/fast"
/Applications/Xcode.app/Contents/Developer/usr/bin/make -f CMakeFiles/cmTC_6a2e8.dir/build.make CMakeFiles/cmTC_6a2e8.dir/build
Building CXX object CMakeFiles/cmTC_6a2e8.dir/feature_tests.cxx.o
/usr/local/bin/avr-g++    -std=c++1z -std=gnu++14 -o CMakeFiles/cmTC_6a2e8.dir/feature_tests.cxx.o -c /Users/andrii/Documents/GitHub/AvrWorkshop/cmake-build-debug/CMakeFiles/feature_tests.cxx
Linking CXX executable cmTC_6a2e8
/Applications/CLion.app/Contents/bin/cmake/bin/cmake -E cmake_link_script CMakeFiles/cmTC_6a2e8.dir/link.txt --verbose=1
/usr/local/bin/avr-g++    -Wl,-search_paths_first -Wl,-headerpad_max_install_names   CMakeFiles/cmTC_6a2e8.dir/feature_tests.cxx.o  -o cmTC_6a2e8 
/usr/local/opt/avr-binutils/bin/avr-ld: warning: cannot find entry symbol arch_paths_first; defaulting to 0000000000000000


    Feature record: CXX_FEATURE:1cxx_aggregate_default_initializers
    Feature record: CXX_FEATURE:1cxx_alias_templates
    Feature record: CXX_FEATURE:1cxx_alignas
    Feature record: CXX_FEATURE:1cxx_alignof
    Feature record: CXX_FEATURE:1cxx_attributes
    Feature record: CXX_FEATURE:1cxx_attribute_deprecated
    Feature record: CXX_FEATURE:1cxx_auto_type
    Feature record: CXX_FEATURE:1cxx_binary_literals
    Feature record: CXX_FEATURE:1cxx_constexpr
    Feature record: CXX_FEATURE:1cxx_contextual_conversions
    Feature record: CXX_FEATURE:1cxx_decltype
    Feature record: CXX_FEATURE:1cxx_decltype_auto
    Feature record: CXX_FEATURE:1cxx_decltype_incomplete_return_types
    Feature record: CXX_FEATURE:1cxx_default_function_template_args
    Feature record: CXX_FEATURE:1cxx_defaulted_functions
    Feature record: CXX_FEATURE:1cxx_defaulted_move_initializers
    Feature record: CXX_FEATURE:1cxx_delegating_constructors
    Feature record: CXX_FEATURE:1cxx_deleted_functions
    Feature record: CXX_FEATURE:1cxx_digit_separators
    Feature record: CXX_FEATURE:1cxx_enum_forward_declarations
    Feature record: CXX_FEATURE:1cxx_explicit_conversions
    Feature record: CXX_FEATURE:1cxx_extended_friend_declarations
    Feature record: CXX_FEATURE:1cxx_extern_templates
    Feature record: CXX_FEATURE:1cxx_final
    Feature record: CXX_FEATURE:1cxx_func_identifier
    Feature record: CXX_FEATURE:1cxx_generalized_initializers
    Feature record: CXX_FEATURE:1cxx_generic_lambdas
    Feature record: CXX_FEATURE:1cxx_inheriting_constructors
    Feature record: CXX_FEATURE:1cxx_inline_namespaces
    Feature record: CXX_FEATURE:1cxx_lambdas
    Feature record: CXX_FEATURE:1cxx_lambda_init_captures
    Feature record: CXX_FEATURE:1cxx_local_type_template_args
    Feature record: CXX_FEATURE:1cxx_long_long_type
    Feature record: CXX_FEATURE:1cxx_noexcept
    Feature record: CXX_FEATURE:1cxx_nonstatic_member_init
    Feature record: CXX_FEATURE:1cxx_nullptr
    Feature record: CXX_FEATURE:1cxx_override
    Feature record: CXX_FEATURE:1cxx_range_for
    Feature record: CXX_FEATURE:1cxx_raw_string_literals
    Feature record: CXX_FEATURE:1cxx_reference_qualified_functions
    Feature record: CXX_FEATURE:1cxx_relaxed_constexpr
    Feature record: CXX_FEATURE:1cxx_return_type_deduction
    Feature record: CXX_FEATURE:1cxx_right_angle_brackets
    Feature record: CXX_FEATURE:1cxx_rvalue_references
    Feature record: CXX_FEATURE:1cxx_sizeof_member
    Feature record: CXX_FEATURE:1cxx_static_assert
    Feature record: CXX_FEATURE:1cxx_strong_enums
    Feature record: CXX_FEATURE:1cxx_template_template_parameters
    Feature record: CXX_FEATURE:1cxx_thread_local
    Feature record: CXX_FEATURE:1cxx_trailing_return_types
    Feature record: CXX_FEATURE:1cxx_unicode_literals
    Feature record: CXX_FEATURE:1cxx_uniform_initialization
    Feature record: CXX_FEATURE:1cxx_unrestricted_unions
    Feature record: CXX_FEATURE:1cxx_user_literals
    Feature record: CXX_FEATURE:1cxx_variable_templates
    Feature record: CXX_FEATURE:1cxx_variadic_macros
    Feature record: CXX_FEATURE:1cxx_variadic_templates


Detecting CXX [-std=c++14] compiler features compiled with the following output:
Change Dir: /Users/andrii/Documents/GitHub/AvrWorkshop/cmake-build-debug/CMakeFiles/CMakeTmp

Run Build Command:"/usr/bin/make" "cmTC_4c0a5/fast"
/Applications/Xcode.app/Contents/Developer/usr/bin/make -f CMakeFiles/cmTC_4c0a5.dir/build.make CMakeFiles/cmTC_4c0a5.dir/build
Building CXX object CMakeFiles/cmTC_4c0a5.dir/feature_tests.cxx.o
/usr/local/bin/avr-g++    -std=c++14 -std=gnu++14 -o CMakeFiles/cmTC_4c0a5.dir/feature_tests.cxx.o -c /Users/andrii/Documents/GitHub/AvrWorkshop/cmake-build-debug/CMakeFiles/feature_tests.cxx
Linking CXX executable cmTC_4c0a5
/Applications/CLion.app/Contents/bin/cmake/bin/cmake -E cmake_link_script CMakeFiles/cmTC_4c0a5.dir/link.txt --verbose=1
/usr/local/bin/avr-g++    -Wl,-search_paths_first -Wl,-headerpad_max_install_names   CMakeFiles/cmTC_4c0a5.dir/feature_tests.cxx.o  -o cmTC_4c0a5 
/usr/local/opt/avr-binutils/bin/avr-ld: warning: cannot find entry symbol arch_paths_first; defaulting to 0000000000000000


    Feature record: CXX_FEATURE:1cxx_aggregate_default_initializers
    Feature record: CXX_FEATURE:1cxx_alias_templates
    Feature record: CXX_FEATURE:1cxx_alignas
    Feature record: CXX_FEATURE:1cxx_alignof
    Feature record: CXX_FEATURE:1cxx_attributes
    Feature record: CXX_FEATURE:1cxx_attribute_deprecated
    Feature record: CXX_FEATURE:1cxx_auto_type
    Feature record: CXX_FEATURE:1cxx_binary_literals
    Feature record: CXX_FEATURE:1cxx_constexpr
    Feature record: CXX_FEATURE:1cxx_contextual_conversions
    Feature record: CXX_FEATURE:1cxx_decltype
    Feature record: CXX_FEATURE:1cxx_decltype_auto
    Feature record: CXX_FEATURE:1cxx_decltype_incomplete_return_types
    Feature record: CXX_FEATURE:1cxx_default_function_template_args
    Feature record: CXX_FEATURE:1cxx_defaulted_functions
    Feature record: CXX_FEATURE:1cxx_defaulted_move_initializers
    Feature record: CXX_FEATURE:1cxx_delegating_constructors
    Feature record: CXX_FEATURE:1cxx_deleted_functions
    Feature record: CXX_FEATURE:1cxx_digit_separators
    Feature record: CXX_FEATURE:1cxx_enum_forward_declarations
    Feature record: CXX_FEATURE:1cxx_explicit_conversions
    Feature record: CXX_FEATURE:1cxx_extended_friend_declarations
    Feature record: CXX_FEATURE:1cxx_extern_templates
    Feature record: CXX_FEATURE:1cxx_final
    Feature record: CXX_FEATURE:1cxx_func_identifier
    Feature record: CXX_FEATURE:1cxx_generalized_initializers
    Feature record: CXX_FEATURE:1cxx_generic_lambdas
    Feature record: CXX_FEATURE:1cxx_inheriting_constructors
    Feature record: CXX_FEATURE:1cxx_inline_namespaces
    Feature record: CXX_FEATURE:1cxx_lambdas
    Feature record: CXX_FEATURE:1cxx_lambda_init_captures
    Feature record: CXX_FEATURE:1cxx_local_type_template_args
    Feature record: CXX_FEATURE:1cxx_long_long_type
    Feature record: CXX_FEATURE:1cxx_noexcept
    Feature record: CXX_FEATURE:1cxx_nonstatic_member_init
    Feature record: CXX_FEATURE:1cxx_nullptr
    Feature record: CXX_FEATURE:1cxx_override
    Feature record: CXX_FEATURE:1cxx_range_for
    Feature record: CXX_FEATURE:1cxx_raw_string_literals
    Feature record: CXX_FEATURE:1cxx_reference_qualified_functions
    Feature record: CXX_FEATURE:1cxx_relaxed_constexpr
    Feature record: CXX_FEATURE:1cxx_return_type_deduction
    Feature record: CXX_FEATURE:1cxx_right_angle_brackets
    Feature record: CXX_FEATURE:1cxx_rvalue_references
    Feature record: CXX_FEATURE:1cxx_sizeof_member
    Feature record: CXX_FEATURE:1cxx_static_assert
    Feature record: CXX_FEATURE:1cxx_strong_enums
    Feature record: CXX_FEATURE:1cxx_template_template_parameters
    Feature record: CXX_FEATURE:1cxx_thread_local
    Feature record: CXX_FEATURE:1cxx_trailing_return_types
    Feature record: CXX_FEATURE:1cxx_unicode_literals
    Feature record: CXX_FEATURE:1cxx_uniform_initialization
    Feature record: CXX_FEATURE:1cxx_unrestricted_unions
    Feature record: CXX_FEATURE:1cxx_user_literals
    Feature record: CXX_FEATURE:1cxx_variable_templates
    Feature record: CXX_FEATURE:1cxx_variadic_macros
    Feature record: CXX_FEATURE:1cxx_variadic_templates


Detecting CXX [-std=c++11] compiler features compiled with the following output:
Change Dir: /Users/andrii/Documents/GitHub/AvrWorkshop/cmake-build-debug/CMakeFiles/CMakeTmp

Run Build Command:"/usr/bin/make" "cmTC_45e46/fast"
/Applications/Xcode.app/Contents/Developer/usr/bin/make -f CMakeFiles/cmTC_45e46.dir/build.make CMakeFiles/cmTC_45e46.dir/build
Building CXX object CMakeFiles/cmTC_45e46.dir/feature_tests.cxx.o
/usr/local/bin/avr-g++    -std=c++11 -std=gnu++14 -o CMakeFiles/cmTC_45e46.dir/feature_tests.cxx.o -c /Users/andrii/Documents/GitHub/AvrWorkshop/cmake-build-debug/CMakeFiles/feature_tests.cxx
Linking CXX executable cmTC_45e46
/Applications/CLion.app/Contents/bin/cmake/bin/cmake -E cmake_link_script CMakeFiles/cmTC_45e46.dir/link.txt --verbose=1
/usr/local/bin/avr-g++    -Wl,-search_paths_first -Wl,-headerpad_max_install_names   CMakeFiles/cmTC_45e46.dir/feature_tests.cxx.o  -o cmTC_45e46 
/usr/local/opt/avr-binutils/bin/avr-ld: warning: cannot find entry symbol arch_paths_first; defaulting to 0000000000000000


    Feature record: CXX_FEATURE:1cxx_aggregate_default_initializers
    Feature record: CXX_FEATURE:1cxx_alias_templates
    Feature record: CXX_FEATURE:1cxx_alignas
    Feature record: CXX_FEATURE:1cxx_alignof
    Feature record: CXX_FEATURE:1cxx_attributes
    Feature record: CXX_FEATURE:1cxx_attribute_deprecated
    Feature record: CXX_FEATURE:1cxx_auto_type
    Feature record: CXX_FEATURE:1cxx_binary_literals
    Feature record: CXX_FEATURE:1cxx_constexpr
    Feature record: CXX_FEATURE:1cxx_contextual_conversions
    Feature record: CXX_FEATURE:1cxx_decltype
    Feature record: CXX_FEATURE:1cxx_decltype_auto
    Feature record: CXX_FEATURE:1cxx_decltype_incomplete_return_types
    Feature record: CXX_FEATURE:1cxx_default_function_template_args
    Feature record: CXX_FEATURE:1cxx_defaulted_functions
    Feature record: CXX_FEATURE:1cxx_defaulted_move_initializers
    Feature record: CXX_FEATURE:1cxx_delegating_constructors
    Feature record: CXX_FEATURE:1cxx_deleted_functions
    Feature record: CXX_FEATURE:1cxx_digit_separators
    Feature record: CXX_FEATURE:1cxx_enum_forward_declarations
    Feature record: CXX_FEATURE:1cxx_explicit_conversions
    Feature record: CXX_FEATURE:1cxx_extended_friend_declarations
    Feature record: CXX_FEATURE:1cxx_extern_templates
    Feature record: CXX_FEATURE:1cxx_final
    Feature record: CXX_FEATURE:1cxx_func_identifier
    Feature record: CXX_FEATURE:1cxx_generalized_initializers
    Feature record: CXX_FEATURE:1cxx_generic_lambdas
    Feature record: CXX_FEATURE:1cxx_inheriting_constructors
    Feature record: CXX_FEATURE:1cxx_inline_namespaces
    Feature record: CXX_FEATURE:1cxx_lambdas
    Feature record: CXX_FEATURE:1cxx_lambda_init_captures
    Feature record: CXX_FEATURE:1cxx_local_type_template_args
    Feature record: CXX_FEATURE:1cxx_long_long_type
    Feature record: CXX_FEATURE:1cxx_noexcept
    Feature record: CXX_FEATURE:1cxx_nonstatic_member_init
    Feature record: CXX_FEATURE:1cxx_nullptr
    Feature record: CXX_FEATURE:1cxx_override
    Feature record: CXX_FEATURE:1cxx_range_for
    Feature record: CXX_FEATURE:1cxx_raw_string_literals
    Feature record: CXX_FEATURE:1cxx_reference_qualified_functions
    Feature record: CXX_FEATURE:1cxx_relaxed_constexpr
    Feature record: CXX_FEATURE:1cxx_return_type_deduction
    Feature record: CXX_FEATURE:1cxx_right_angle_brackets
    Feature record: CXX_FEATURE:1cxx_rvalue_references
    Feature record: CXX_FEATURE:1cxx_sizeof_member
    Feature record: CXX_FEATURE:1cxx_static_assert
    Feature record: CXX_FEATURE:1cxx_strong_enums
    Feature record: CXX_FEATURE:1cxx_template_template_parameters
    Feature record: CXX_FEATURE:1cxx_thread_local
    Feature record: CXX_FEATURE:1cxx_trailing_return_types
    Feature record: CXX_FEATURE:1cxx_unicode_literals
    Feature record: CXX_FEATURE:1cxx_uniform_initialization
    Feature record: CXX_FEATURE:1cxx_unrestricted_unions
    Feature record: CXX_FEATURE:1cxx_user_literals
    Feature record: CXX_FEATURE:1cxx_variable_templates
    Feature record: CXX_FEATURE:1cxx_variadic_macros
    Feature record: CXX_FEATURE:1cxx_variadic_templates


Detecting CXX [-std=c++98] compiler features compiled with the following output:
Change Dir: /Users/andrii/Documents/GitHub/AvrWorkshop/cmake-build-debug/CMakeFiles/CMakeTmp

Run Build Command:"/usr/bin/make" "cmTC_4c7dd/fast"
/Applications/Xcode.app/Contents/Developer/usr/bin/make -f CMakeFiles/cmTC_4c7dd.dir/build.make CMakeFiles/cmTC_4c7dd.dir/build
Building CXX object CMakeFiles/cmTC_4c7dd.dir/feature_tests.cxx.o
/usr/local/bin/avr-g++    -std=c++98 -std=gnu++14 -o CMakeFiles/cmTC_4c7dd.dir/feature_tests.cxx.o -c /Users/andrii/Documents/GitHub/AvrWorkshop/cmake-build-debug/CMakeFiles/feature_tests.cxx
Linking CXX executable cmTC_4c7dd
/Applications/CLion.app/Contents/bin/cmake/bin/cmake -E cmake_link_script CMakeFiles/cmTC_4c7dd.dir/link.txt --verbose=1
/usr/local/bin/avr-g++    -Wl,-search_paths_first -Wl,-headerpad_max_install_names   CMakeFiles/cmTC_4c7dd.dir/feature_tests.cxx.o  -o cmTC_4c7dd 
/usr/local/opt/avr-binutils/bin/avr-ld: warning: cannot find entry symbol arch_paths_first; defaulting to 0000000000000000


    Feature record: CXX_FEATURE:1cxx_aggregate_default_initializers
    Feature record: CXX_FEATURE:1cxx_alias_templates
    Feature record: CXX_FEATURE:1cxx_alignas
    Feature record: CXX_FEATURE:1cxx_alignof
    Feature record: CXX_FEATURE:1cxx_attributes
    Feature record: CXX_FEATURE:1cxx_attribute_deprecated
    Feature record: CXX_FEATURE:1cxx_auto_type
    Feature record: CXX_FEATURE:1cxx_binary_literals
    Feature record: CXX_FEATURE:1cxx_constexpr
    Feature record: CXX_FEATURE:1cxx_contextual_conversions
    Feature record: CXX_FEATURE:1cxx_decltype
    Feature record: CXX_FEATURE:1cxx_decltype_auto
    Feature record: CXX_FEATURE:1cxx_decltype_incomplete_return_types
    Feature record: CXX_FEATURE:1cxx_default_function_template_args
    Feature record: CXX_FEATURE:1cxx_defaulted_functions
    Feature record: CXX_FEATURE:1cxx_defaulted_move_initializers
    Feature record: CXX_FEATURE:1cxx_delegating_constructors
    Feature record: CXX_FEATURE:1cxx_deleted_functions
    Feature record: CXX_FEATURE:1cxx_digit_separators
    Feature record: CXX_FEATURE:1cxx_enum_forward_declarations
    Feature record: CXX_FEATURE:1cxx_explicit_conversions
    Feature record: CXX_FEATURE:1cxx_extended_friend_declarations
    Feature record: CXX_FEATURE:1cxx_extern_templates
    Feature record: CXX_FEATURE:1cxx_final
    Feature record: CXX_FEATURE:1cxx_func_identifier
    Feature record: CXX_FEATURE:1cxx_generalized_initializers
    Feature record: CXX_FEATURE:1cxx_generic_lambdas
    Feature record: CXX_FEATURE:1cxx_inheriting_constructors
    Feature record: CXX_FEATURE:1cxx_inline_namespaces
    Feature record: CXX_FEATURE:1cxx_lambdas
    Feature record: CXX_FEATURE:1cxx_lambda_init_captures
    Feature record: CXX_FEATURE:1cxx_local_type_template_args
    Feature record: CXX_FEATURE:1cxx_long_long_type
    Feature record: CXX_FEATURE:1cxx_noexcept
    Feature record: CXX_FEATURE:1cxx_nonstatic_member_init
    Feature record: CXX_FEATURE:1cxx_nullptr
    Feature record: CXX_FEATURE:1cxx_override
    Feature record: CXX_FEATURE:1cxx_range_for
    Feature record: CXX_FEATURE:1cxx_raw_string_literals
    Feature record: CXX_FEATURE:1cxx_reference_qualified_functions
    Feature record: CXX_FEATURE:1cxx_relaxed_constexpr
    Feature record: CXX_FEATURE:1cxx_return_type_deduction
    Feature record: CXX_FEATURE:1cxx_right_angle_brackets
    Feature record: CXX_FEATURE:1cxx_rvalue_references
    Feature record: CXX_FEATURE:1cxx_sizeof_member
    Feature record: CXX_FEATURE:1cxx_static_assert
    Feature record: CXX_FEATURE:1cxx_strong_enums
    Feature record: CXX_FEATURE:1cxx_template_template_parameters
    Feature record: CXX_FEATURE:1cxx_thread_local
    Feature record: CXX_FEATURE:1cxx_trailing_return_types
    Feature record: CXX_FEATURE:1cxx_unicode_literals
    Feature record: CXX_FEATURE:1cxx_uniform_initialization
    Feature record: CXX_FEATURE:1cxx_unrestricted_unions
    Feature record: CXX_FEATURE:1cxx_user_literals
    Feature record: CXX_FEATURE:1cxx_variable_templates
    Feature record: CXX_FEATURE:1cxx_variadic_macros
    Feature record: CXX_FEATURE:1cxx_variadic_templates
